[26-Nov-2023 07:46:38 UTC] PHP Fatal error:  Uncaught Error: Call to undefined function genetateToken() in /Users/groovy/Desktop/php_blog/views/form/reset_request.php:10
Stack trace:
#0 {main}
  thrown in /Users/groovy/Desktop/php_blog/views/form/reset_request.php on line 10
[26-Nov-2023 07:46:49 UTC] PHP Fatal error:  Uncaught Error: Call to undefined function genetateToken() in /Users/groovy/Desktop/php_blog/views/form/reset_request.php:10
Stack trace:
#0 {main}
  thrown in /Users/groovy/Desktop/php_blog/views/form/reset_request.php on line 10
[26-Nov-2023 07:47:06 UTC] PHP Fatal error:  Uncaught Error: Call to undefined function genetateToken() in /Users/groovy/Desktop/php_blog/views/form/reset_request.php:10
Stack trace:
#0 {main}
  thrown in /Users/groovy/Desktop/php_blog/views/form/reset_request.php on line 10
[26-Nov-2023 08:25:35 UTC] PHP Fatal error:  Uncaught Error: Class "UserProfileManagerImpl" not found in /Users/groovy/Desktop/php_blog/views/form/reset_request.php:11
Stack trace:
#0 {main}
  thrown in /Users/groovy/Desktop/php_blog/views/form/reset_request.php on line 11
[26-Nov-2023 08:25:49 UTC] PHP Fatal error:  Uncaught Error: Class "UserProfileManagerImpl" not found in /Users/groovy/Desktop/php_blog/views/form/reset_request.php:11
Stack trace:
#0 {main}
  thrown in /Users/groovy/Desktop/php_blog/views/form/reset_request.php on line 11
[26-Nov-2023 08:27:00 UTC] PHP Warning:  Undefined array key "passwordHasher" in /Users/groovy/Desktop/php_blog/services/UserManagerImpl.php on line 95
[26-Nov-2023 08:27:00 UTC] PHP Warning:  Undefined array key "userProfile" in /Users/groovy/Desktop/php_blog/services/UserManagerImpl.php on line 95
[26-Nov-2023 08:27:00 UTC] PHP Fatal error:  Uncaught Error: Class "SendGrid\Mail\Mail" not found in /Users/groovy/Desktop/php_blog/sendMail/ResetRequestHelper.php:13
Stack trace:
#0 /Users/groovy/Desktop/php_blog/views/form/reset_request.php(30): sendMail\sendResetRequestEmail('takaki55730317@...', 'effb5d668fd3459...')
#1 {main}
  thrown in /Users/groovy/Desktop/php_blog/sendMail/ResetRequestHelper.php on line 13
[26-Nov-2023 08:35:16 UTC] PHP Fatal error:  Uncaught Error: Class "SendGrid\Mail\Mail" not found in /Users/groovy/Desktop/php_blog/sendMail/ResetRequestHelper.php:13
Stack trace:
#0 /Users/groovy/Desktop/php_blog/views/form/reset_request.php(30): sendMail\sendResetRequestEmail('takaki55730317@...', '13f6403111bf91c...')
#1 {main}
  thrown in /Users/groovy/Desktop/php_blog/sendMail/ResetRequestHelper.php on line 13
[26-Nov-2023 08:38:27 UTC] PHP Fatal error:  Namespace declaration statement has to be the very first statement or after any declare call in the script in /Users/groovy/Desktop/php_blog/sendMail/ResetRequestHelper.php on line 4
[26-Nov-2023 08:38:34 UTC] PHP Fatal error:  Namespace declaration statement has to be the very first statement or after any declare call in the script in /Users/groovy/Desktop/php_blog/sendMail/ResetRequestHelper.php on line 4
[26-Nov-2023 08:38:52 UTC] PHP Warning:  require(vendor/autoload.php): Failed to open stream: No such file or directory in /Users/groovy/Desktop/php_blog/sendMail/ResetRequestHelper.php on line 4
[26-Nov-2023 08:38:52 UTC] PHP Fatal error:  Uncaught Error: Failed opening required 'vendor/autoload.php' (include_path='.:/usr/local/Cellar/php@8.1/8.1.20_2/share/php@8.1/pear') in /Users/groovy/Desktop/php_blog/sendMail/ResetRequestHelper.php:4
Stack trace:
#0 /Users/groovy/Desktop/php_blog/views/form/reset_request.php(2): require_once()
#1 {main}
  thrown in /Users/groovy/Desktop/php_blog/sendMail/ResetRequestHelper.php on line 4
[26-Nov-2023 08:40:25 UTC] PHP Warning:  require(vendor/autoload.php): Failed to open stream: No such file or directory in /Users/groovy/Desktop/php_blog/sendMail/ResetRequestHelper.php on line 6
[26-Nov-2023 08:40:25 UTC] PHP Fatal error:  Uncaught Error: Failed opening required 'vendor/autoload.php' (include_path='.:/usr/local/Cellar/php@8.1/8.1.20_2/share/php@8.1/pear') in /Users/groovy/Desktop/php_blog/sendMail/ResetRequestHelper.php:6
Stack trace:
#0 /Users/groovy/Desktop/php_blog/views/form/reset_request.php(30): sendMail\sendResetRequestEmail('takaki55730317@...', '02f5fd76d9c8f01...')
#1 {main}
  thrown in /Users/groovy/Desktop/php_blog/sendMail/ResetRequestHelper.php on line 6
[26-Nov-2023 08:43:32 UTC] PHP Fatal error:  Namespace declaration statement has to be the very first statement or after any declare call in the script in /Users/groovy/Desktop/php_blog/sendMail/ResetRequestHelper.php on line 4
